1.0
2.0
Fizz!
4.0
Buzz!
Fizz!
7.0
8.0
Fizz!
Buzz!
11.0
Fizz!
13.0
14.0
FizzBuzz!
16.0
17.0
Fizz!
19.0
Buzz!
Fizz!
22.0
23.0
Fizz!
Buzz!
26.0
Fizz!
28.0
29.0
FizzBuzz!
31.0
32.0
Fizz!
34.0
Buzz!
Fizz!
37.0
38.0
Fizz!
Buzz!
41.0
Fizz!
43.0
44.0
FizzBuzz!
46.0
47.0
Fizz!
49.0
Buzz!
Fizz!
52.0
53.0
Fizz!
Buzz!
56.0
Fizz!
58.0
59.0
FizzBuzz!
61.0
62.0
Fizz!
64.0
Buzz!
Fizz!
67.0
68.0
Fizz!
Buzz!
71.0
Fizz!
73.0
74.0
FizzBuzz!
76.0
77.0
Fizz!
79.0
Buzz!
Fizz!
82.0
83.0
Fizz!
Buzz!
86.0
Fizz!
88.0
89.0
FizzBuzz!
91.0
92.0
Fizz!
94.0
Buzz!
Fizz!
97.0
98.0
Fizz!
Buzz!
